[OpenBridge] 2026-05-24T13:27:29.006Z [INFO] OpenBridge daemon is running on WebSocket port 10087
[OpenBridge] 2026-05-24T13:27:29.024Z [INFO] OpenBridge local API is running on port 10088
[OpenBridge] 2026-05-24T13:27:32.987Z [INFO] Received message type: hello
[OpenBridge] 2026-05-24T13:27:32.987Z [INFO] Hello from sessionId: b57f6843-5030-45f9-8065-b185c1b2b612
[OpenBridge] 2026-05-24T13:27:32.988Z [INFO] Auth result: authorized=true
[OpenBridge] 2026-05-24T13:27:32.988Z [INFO] Sending hello_ack for sessionId: b57f6843-5030-45f9-8065-b185c1b2b612
[OpenBridge] 2026-05-24T13:27:32.994Z [INFO] Extension connected: b57f6843-5030-45f9-8065-b185c1b2b612
[OpenBridge] 2026-05-24T13:27:32.996Z [INFO] Received message type: event
[OpenBridge] 2026-05-24T13:27:52.622Z [INFO] Received message type: command_result
[OpenBridge] 2026-05-24T13:28:02.991Z [INFO] Received message type: heartbeat
[OpenBridge] 2026-05-24T13:28:33.001Z [INFO] Received message type: heartbeat
[OpenBridge] 2026-05-24T13:28:57.651Z [INFO] Received message type: hello
[OpenBridge] 2026-05-24T13:28:57.651Z [INFO] Hello from sessionId: doctor-check-1779629337650
[OpenBridge] 2026-05-24T13:28:57.652Z [INFO] Auth result: authorized=false
[OpenBridge] 2026-05-24T13:28:57.655Z [INFO] Pairing initiated, sending pair_challenge
[OpenBridge] 2026-05-24T13:28:57.659Z [INFO] Extension disconnected: doctor-check-1779629337650
[OpenBridge] 2026-05-24T13:29:02.997Z [INFO] Received message type: heartbeat
[OpenBridge] 2026-05-24T13:29:32.996Z [INFO] Received message type: heartbeat
[OpenBridge] 2026-05-24T13:30:02.996Z [INFO] Received message type: heartbeat
[OpenBridge] 2026-05-24T13:30:32.995Z [INFO] Received message type: heartbeat
[OpenBridge] 2026-05-24T13:31:02.995Z [INFO] Received message type: heartbeat
[OpenBridge] 2026-05-24T13:31:32.994Z [INFO] Received message type: heartbeat
[OpenBridge] 2026-05-24T13:32:02.998Z [INFO] Received message type: heartbeat
[OpenBridge] 2026-05-24T13:32:32.997Z [INFO] Received message type: heartbeat
[OpenBridge] 2026-05-24T13:33:03.030Z [INFO] Received message type: heartbeat
[OpenBridge] 2026-05-24T13:33:32.999Z [INFO] Received message type: heartbeat
[OpenBridge] 2026-05-24T13:34:02.996Z [INFO] Received message type: heartbeat
[OpenBridge] 2026-05-24T13:34:32.994Z [INFO] Received message type: heartbeat
[OpenBridge] 2026-05-24T13:35:02.994Z [INFO] Received message type: heartbeat
[OpenBridge] 2026-05-24T13:35:32.994Z [INFO] Received message type: heartbeat
[OpenBridge] 2026-05-24T13:36:02.997Z [INFO] Received message type: heartbeat
[OpenBridge] 2026-05-24T13:36:32.998Z [INFO] Received message type: heartbeat
[OpenBridge] 2026-05-24T13:37:03.013Z [INFO] Received message type: heartbeat
[OpenBridge] 2026-05-24T13:37:32.997Z [INFO] Received message type: heartbeat
[OpenBridge] 2026-05-24T13:38:03.005Z [INFO] Received message type: heartbeat
[OpenBridge] 2026-05-24T13:38:33.000Z [INFO] Received message type: heartbeat
[OpenBridge] 2026-05-24T13:39:02.996Z [INFO] Received message type: heartbeat
[OpenBridge] 2026-05-24T13:39:32.996Z [INFO] Received message type: heartbeat
[OpenBridge] 2026-05-24T13:40:03.000Z [INFO] Received message type: heartbeat
[OpenBridge] 2026-05-24T13:40:32.993Z [INFO] Received message type: heartbeat
[OpenBridge] 2026-05-24T13:41:02.996Z [INFO] Received message type: heartbeat
[OpenBridge] 2026-05-24T13:41:32.994Z [INFO] Received message type: heartbeat
[OpenBridge] 2026-05-24T13:42:03.006Z [INFO] Received message type: heartbeat
[OpenBridge] 2026-05-24T13:42:30.812Z [INFO] Received message type: event
[OpenBridge] 2026-05-24T13:42:31.029Z [INFO] Received message type: event
[OpenBridge] 2026-05-24T13:42:31.085Z [INFO] Received message type: event
[OpenBridge] 2026-05-24T13:42:32.595Z [INFO] Received message type: event
[OpenBridge] 2026-05-24T13:42:32.626Z [INFO] Received message type: event
[OpenBridge] 2026-05-24T13:42:32.995Z [INFO] Received message type: heartbeat
[OpenBridge] 2026-05-24T13:43:02.998Z [INFO] Received message type: heartbeat
[OpenBridge] 2026-05-24T13:43:33.000Z [INFO] Received message type: heartbeat
[OpenBridge] 2026-05-24T13:44:03.007Z [INFO] Received message type: heartbeat
[OpenBridge] 2026-05-24T13:44:33.003Z [INFO] Received message type: heartbeat
[OpenBridge] 2026-05-24T13:45:02.997Z [INFO] Received message type: heartbeat
[OpenBridge] 2026-05-24T13:45:33.003Z [INFO] Received message type: heartbeat
[OpenBridge] 2026-05-24T13:46:02.999Z [INFO] Received message type: heartbeat
[OpenBridge] 2026-05-24T13:46:32.992Z [INFO] Received message type: heartbeat
[OpenBridge] 2026-05-24T13:47:02.995Z [INFO] Received message type: heartbeat
[OpenBridge] 2026-05-24T13:47:32.989Z [INFO] Received message type: heartbeat
[OpenBridge] 2026-05-24T13:48:02.996Z [INFO] Received message type: heartbeat
[OpenBridge] 2026-05-24T13:48:32.990Z [INFO] Received message type: heartbeat
[OpenBridge] 2026-05-24T13:49:03.005Z [INFO] Received message type: heartbeat
[OpenBridge] 2026-05-24T13:49:32.993Z [INFO] Received message type: heartbeat
[OpenBridge] 2026-05-24T13:50:02.996Z [INFO] Received message type: heartbeat
[OpenBridge] 2026-05-24T13:50:32.992Z [INFO] Received message type: heartbeat
[OpenBridge] 2026-05-24T13:51:02.994Z [INFO] Received message type: heartbeat
[OpenBridge] 2026-05-24T13:51:32.993Z [INFO] Received message type: heartbeat
[OpenBridge] 2026-05-24T13:52:02.992Z [INFO] Received message type: heartbeat
[OpenBridge] 2026-05-24T13:52:32.994Z [INFO] Received message type: heartbeat
[OpenBridge] 2026-05-24T13:53:02.993Z [INFO] Received message type: heartbeat
[OpenBridge] 2026-05-24T13:53:32.994Z [INFO] Received message type: heartbeat
[OpenBridge] 2026-05-24T13:54:02.994Z [INFO] Received message type: heartbeat
[OpenBridge] 2026-05-24T13:54:32.994Z [INFO] Received message type: heartbeat
[OpenBridge] 2026-05-24T13:55:02.996Z [INFO] Received message type: heartbeat
[OpenBridge] 2026-05-24T13:55:32.996Z [INFO] Received message type: heartbeat
[OpenBridge] 2026-05-24T13:56:02.992Z [INFO] Received message type: heartbeat
[OpenBridge] 2026-05-24T13:56:32.993Z [INFO] Received message type: heartbeat
[OpenBridge] 2026-05-24T13:57:02.994Z [INFO] Received message type: heartbeat
[OpenBridge] 2026-05-24T13:57:32.994Z [INFO] Received message type: heartbeat
[OpenBridge] 2026-05-24T13:58:02.992Z [INFO] Received message type: heartbeat
[OpenBridge] 2026-05-24T13:58:32.995Z [INFO] Received message type: heartbeat
[OpenBridge] 2026-05-24T13:59:02.996Z [INFO] Received message type: heartbeat
[OpenBridge] 2026-05-24T13:59:32.994Z [INFO] Received message type: heartbeat
[OpenBridge] 2026-05-24T14:00:03.004Z [INFO] Received message type: heartbeat
[OpenBridge] 2026-05-24T14:00:32.994Z [INFO] Received message type: heartbeat
[OpenBridge] 2026-05-24T14:01:02.996Z [INFO] Received message type: heartbeat
[OpenBridge] 2026-05-24T14:01:32.992Z [INFO] Received message type: heartbeat
[OpenBridge] 2026-05-24T14:02:02.999Z [INFO] Received message type: heartbeat
[OpenBridge] 2026-05-24T14:02:32.995Z [INFO] Received message type: heartbeat
[OpenBridge] 2026-05-24T14:03:02.999Z [INFO] Received message type: heartbeat
[OpenBridge] 2026-05-24T14:03:32.994Z [INFO] Received message type: heartbeat
[OpenBridge] 2026-05-24T14:04:02.996Z [INFO] Received message type: heartbeat
[OpenBridge] 2026-05-24T14:04:32.996Z [INFO] Received message type: heartbeat
[OpenBridge] 2026-05-24T14:05:02.997Z [INFO] Received message type: heartbeat
[OpenBridge] 2026-05-24T14:05:32.996Z [INFO] Received message type: heartbeat
[OpenBridge] 2026-05-24T14:06:03.000Z [INFO] Received message type: heartbeat
[OpenBridge] 2026-05-24T14:06:32.996Z [INFO] Received message type: heartbeat
[OpenBridge] 2026-05-24T14:07:02.997Z [INFO] Received message type: heartbeat
[OpenBridge] 2026-05-24T14:07:32.994Z [INFO] Received message type: heartbeat
[OpenBridge] 2026-05-24T14:08:02.998Z [INFO] Received message type: heartbeat
[OpenBridge] 2026-05-24T14:08:32.996Z [INFO] Received message type: heartbeat
[OpenBridge] 2026-05-24T14:09:02.995Z [INFO] Received message type: heartbeat
[OpenBridge] 2026-05-24T14:09:32.995Z [INFO] Received message type: heartbeat
[OpenBridge] 2026-05-24T14:10:02.997Z [INFO] Received message type: heartbeat
[OpenBridge] 2026-05-24T14:10:32.996Z [INFO] Received message type: heartbeat
[OpenBridge] 2026-05-24T14:11:03.013Z [INFO] Received message type: heartbeat
[OpenBridge] 2026-05-24T14:11:32.996Z [INFO] Received message type: heartbeat
[OpenBridge] 2026-05-24T14:12:02.994Z [INFO] Received message type: heartbeat
[OpenBridge] 2026-05-24T14:12:32.996Z [INFO] Received message type: heartbeat
[OpenBridge] 2026-05-24T14:13:02.998Z [INFO] Received message type: heartbeat
[OpenBridge] 2026-05-24T14:13:32.997Z [INFO] Received message type: heartbeat
[OpenBridge] 2026-05-24T14:14:02.998Z [INFO] Received message type: heartbeat
[OpenBridge] 2026-05-24T14:14:32.998Z [INFO] Received message type: heartbeat
[OpenBridge] 2026-05-24T14:15:02.997Z [INFO] Received message type: heartbeat
[OpenBridge] 2026-05-24T14:15:32.997Z [INFO] Received message type: heartbeat
[OpenBridge] 2026-05-24T14:16:03.200Z [INFO] Received message type: heartbeat
[OpenBridge] 2026-05-24T14:16:33.202Z [INFO] Received message type: heartbeat
[OpenBridge] 2026-05-24T14:17:03.205Z [INFO] Received message type: heartbeat
[OpenBridge] 2026-05-24T14:17:33.205Z [INFO] Received message type: heartbeat
[OpenBridge] 2026-05-24T14:18:03.206Z [INFO] Received message type: heartbeat
[OpenBridge] 2026-05-24T14:18:33.206Z [INFO] Received message type: heartbeat
[OpenBridge] 2026-05-24T14:19:03.207Z [INFO] Received message type: heartbeat
[OpenBridge] 2026-05-24T14:19:33.205Z [INFO] Received message type: heartbeat
[OpenBridge] 2026-05-24T14:20:03.210Z [INFO] Received message type: heartbeat
[OpenBridge] 2026-05-24T14:20:33.208Z [INFO] Received message type: heartbeat
[OpenBridge] 2026-05-24T14:21:03.208Z [INFO] Received message type: heartbeat
[OpenBridge] 2026-05-24T14:21:33.210Z [INFO] Received message type: heartbeat
[OpenBridge] 2026-05-24T14:22:03.208Z [INFO] Received message type: heartbeat
[OpenBridge] 2026-05-24T14:22:33.211Z [INFO] Received message type: heartbeat
[OpenBridge] 2026-05-24T14:23:03.216Z [INFO] Received message type: heartbeat
[OpenBridge] 2026-05-24T14:23:33.215Z [INFO] Received message type: heartbeat
[OpenBridge] 2026-05-24T14:24:03.212Z [INFO] Received message type: heartbeat
[OpenBridge] 2026-05-24T14:24:33.216Z [INFO] Received message type: heartbeat
[OpenBridge] 2026-05-24T14:25:03.217Z [INFO] Received message type: heartbeat
